2024-03-19T00:16:12.166+05:00  INFO 29189 --- [main] r.n.m.MoneyTransferServiceApplication    : Starting MoneyTransferServiceApplication using Java 17.0.9 with PID 29189 (/Users/imshcheglov/Desktop/JD-51 HW/9. Spring Boot, deployment и инфраструктура/6. Курсовой проект "Сервис перевода денег"/MoneyTransferService/target/classes started by imshcheglov in /Users/imshcheglov/Desktop/JD-51 HW/9. Spring Boot, deployment и инфраструктура/6. Курсовой проект "Сервис перевода денег"/MoneyTransferService)
2024-03-19T00:16:12.171+05:00  INFO 29189 --- [main] r.n.m.MoneyTransferServiceApplication    : No active profile set, falling back to 1 default profile: "default"
2024-03-19T00:16:14.506+05:00  WARN 29189 --- [main] trationDelegate$BeanPostProcessorChecker : Bean 'org.springframework.ws.config.annotation.DelegatingWsConfiguration' of type [org.springframework.ws.config.annotation.DelegatingWsConfiguration$$SpringCGLIB$$0] is not eligible for getting processed by all BeanPostProcessors (for example: not eligible for auto-proxying). The currently created BeanPostProcessor [annotationActionEndpointMapping] is declared through a non-static factory method on that class; consider declaring it as static instead.
2024-03-19T00:16:14.547+05:00  INFO 29189 --- [main] .w.s.a.s.AnnotationActionEndpointMapping : Supporting [WS-Addressing August 2004, WS-Addressing 1.0]
2024-03-19T00:16:14.924+05:00  INFO 29189 --- [main] o.s.b.w.embedded.tomcat.TomcatWebServer  : Tomcat initialized with port 5500 (http)
2024-03-19T00:16:14.937+05:00  INFO 29189 --- [main] o.apache.catalina.core.StandardService   : Starting service [Tomcat]
2024-03-19T00:16:14.937+05:00  INFO 29189 --- [main] o.apache.catalina.core.StandardEngine    : Starting Servlet engine: [Apache Tomcat/10.1.19]
2024-03-19T00:16:15.037+05:00  INFO 29189 --- [main] o.a.c.c.C.[Tomcat].[localhost].[/]       : Initializing Spring embedded WebApplicationContext
2024-03-19T00:16:15.037+05:00  INFO 29189 --- [main] w.s.c.ServletWebServerApplicationContext : Root WebApplicationContext: initialization completed in 2772 ms
2024-03-19T00:16:16.495+05:00  INFO 29189 --- [main] o.s.b.a.e.web.EndpointLinksResolver      : Exposing 1 endpoint(s) beneath base path '/actuator'
2024-03-19T00:16:16.593+05:00  INFO 29189 --- [main] o.s.b.w.embedded.tomcat.TomcatWebServer  : Tomcat started on port 5500 (http) with context path ''
2024-03-19T00:16:16.623+05:00  INFO 29189 --- [main] r.n.m.MoneyTransferServiceApplication    : Started MoneyTransferServiceApplication in 5.338 seconds (process running for 6.017)
2024-03-19T11:08:32.284+05:00  INFO 29951 --- [main] r.n.m.MoneyTransferServiceApplication    : Starting MoneyTransferServiceApplication using Java 17.0.9 with PID 29951 (/Users/imshcheglov/Desktop/JD-51 HW/9. Spring Boot, deployment и инфраструктура/6. Курсовой проект "Сервис перевода денег"/MoneyTransferService/target/classes started by imshcheglov in /Users/imshcheglov/Desktop/JD-51 HW/9. Spring Boot, deployment и инфраструктура/6. Курсовой проект "Сервис перевода денег"/MoneyTransferService)
2024-03-19T11:08:32.298+05:00  INFO 29951 --- [main] r.n.m.MoneyTransferServiceApplication    : No active profile set, falling back to 1 default profile: "default"
2024-03-19T11:08:34.619+05:00  WARN 29951 --- [main] trationDelegate$BeanPostProcessorChecker : Bean 'org.springframework.ws.config.annotation.DelegatingWsConfiguration' of type [org.springframework.ws.config.annotation.DelegatingWsConfiguration$$SpringCGLIB$$0] is not eligible for getting processed by all BeanPostProcessors (for example: not eligible for auto-proxying). The currently created BeanPostProcessor [annotationActionEndpointMapping] is declared through a non-static factory method on that class; consider declaring it as static instead.
2024-03-19T11:08:34.660+05:00  INFO 29951 --- [main] .w.s.a.s.AnnotationActionEndpointMapping : Supporting [WS-Addressing August 2004, WS-Addressing 1.0]
2024-03-19T11:08:35.042+05:00  INFO 29951 --- [main] o.s.b.w.embedded.tomcat.TomcatWebServer  : Tomcat initialized with port 5500 (http)
2024-03-19T11:08:35.054+05:00  INFO 29951 --- [main] o.apache.catalina.core.StandardService   : Starting service [Tomcat]
2024-03-19T11:08:35.055+05:00  INFO 29951 --- [main] o.apache.catalina.core.StandardEngine    : Starting Servlet engine: [Apache Tomcat/10.1.19]
2024-03-19T11:08:35.148+05:00  INFO 29951 --- [main] o.a.c.c.C.[Tomcat].[localhost].[/]       : Initializing Spring embedded WebApplicationContext
2024-03-19T11:08:35.148+05:00  INFO 29951 --- [main] w.s.c.ServletWebServerApplicationContext : Root WebApplicationContext: initialization completed in 2741 ms
2024-03-19T11:08:36.577+05:00  INFO 29951 --- [main] o.s.b.a.e.web.EndpointLinksResolver      : Exposing 1 endpoint(s) beneath base path '/actuator'
2024-03-19T11:08:36.648+05:00  INFO 29951 --- [main] o.s.b.w.embedded.tomcat.TomcatWebServer  : Tomcat started on port 5500 (http) with context path ''
2024-03-19T11:08:36.680+05:00  INFO 29951 --- [main] r.n.m.MoneyTransferServiceApplication    : Started MoneyTransferServiceApplication in 5.209 seconds (process running for 5.856)
2024-03-19T11:09:04.404+05:00  INFO 29951 --- [http-nio-5500-exec-1] o.a.c.c.C.[Tomcat].[localhost].[/]       : Initializing Spring DispatcherServlet 'dispatcherServlet'
2024-03-19T11:09:04.407+05:00  INFO 29951 --- [http-nio-5500-exec-1] o.s.web.servlet.DispatcherServlet        : Initializing Servlet 'dispatcherServlet'
2024-03-19T11:09:04.416+05:00  INFO 29951 --- [http-nio-5500-exec-1] o.s.web.servlet.DispatcherServlet        : Completed initialization in 9 ms
